  [1m[36m (37.6ms)[0m  [1mCREATE TABLE "schema_migrations" ("version" character varying NOT NULL) [0m
  [1m[35m (2.0ms)[0m  CREATE UNIQUE INDEX  "unique_schema_migrations" ON "schema_migrations"  ("version")
  [1m[36mActiveRecord::SchemaMigration Load (0.4ms)[0m  [1mSELECT "schema_migrations".* FROM "schema_migrations"[0m
  [1m[36mSQL (0.3ms)[0m  [1mCREATE EXTENSION IF NOT EXISTS "plpgsql"[0m
  [1m[35m (0.5ms)[0m  SELECT version FROM "schema_migrations"
  [1m[36m (11.4ms)[0m  [1mINSERT INTO "schema_migrations" (version) VALUES ('0')[0m
  [1m[35mSQL (0.3ms)[0m  CREATE EXTENSION IF NOT EXISTS "plpgsql"
  [1m[36m (6.1ms)[0m  [1mCREATE TABLE "schema_migrations" ("version" character varying NOT NULL) [0m
  [1m[35m (2.7ms)[0m  CREATE UNIQUE INDEX  "unique_schema_migrations" ON "schema_migrations"  ("version")
  [1m[36m (0.4ms)[0m  [1mSELECT version FROM "schema_migrations"[0m
  [1m[35m (0.5ms)[0m  INSERT INTO "schema_migrations" (version) VALUES ('0')
  [1m[36mActiveRecord::SchemaMigration Load (1.2ms)[0m  [1mSELECT "schema_migrations".* FROM "schema_migrations"[0m


Started GET "/" for ::1 at 2016-03-19 15:13:23 +0100
Processing by Rails::WelcomeController#index as HTML
  Rendered /Users/piotrpawlus/.rvm/gems/ruby-2.2.4/gems/railties-4.2.5/lib/rails/templates/rails/welcome/index.html.erb (3.2ms)
Completed 200 OK in 27ms (Views: 17.3ms | ActiveRecord: 0.0ms)


Started GET "/" for ::1 at 2016-04-03 18:28:12 +0200
Processing by Rails::WelcomeController#index as HTML
  Rendered /Users/piotrpawlus/.rvm/gems/ruby-2.2.4/gems/railties-4.2.5/lib/rails/templates/rails/welcome/index.html.erb (2.2ms)
Completed 200 OK in 24ms (Views: 13.7ms | ActiveRecord: 0.0ms)


Started GET "/home" for ::1 at 2016-04-03 18:36:36 +0200

ActionController::RoutingError (No route matches [GET] "/home"):
  actionpack (4.2.5) lib/action_dispatch/middleware/debug_exceptions.rb:21:in `call'
  web-console (2.2.1) lib/web_console/middleware.rb:39:in `call'
  actionpack (4.2.5) lib/action_dispatch/middleware/show_exceptions.rb:30:in `call'
  railties (4.2.5) lib/rails/rack/logger.rb:38:in `call_app'
  railties (4.2.5) lib/rails/rack/logger.rb:20:in `block in call'
  activesupport (4.2.5) lib/active_support/tagged_logging.rb:68:in `block in tagged'
  activesupport (4.2.5) lib/active_support/tagged_logging.rb:26:in `tagged'
  activesupport (4.2.5) lib/active_support/tagged_logging.rb:68:in `tagged'
  railties (4.2.5) lib/rails/rack/logger.rb:20:in `call'
  actionpack (4.2.5) lib/action_dispatch/middleware/request_id.rb:21:in `call'
  rack (1.6.4) lib/rack/methodoverride.rb:22:in `call'
  rack (1.6.4) lib/rack/runtime.rb:18:in `call'
  activesupport (4.2.5) lib/active_support/cache/strategy/local_cache_middleware.rb:28:in `call'
  rack (1.6.4) lib/rack/lock.rb:17:in `call'
  actionpack (4.2.5) lib/action_dispatch/middleware/static.rb:116:in `call'
  rack (1.6.4) lib/rack/sendfile.rb:113:in `call'
  railties (4.2.5) lib/rails/engine.rb:518:in `call'
  railties (4.2.5) lib/rails/application.rb:165:in `call'
  rack (1.6.4) lib/rack/lock.rb:17:in `call'
  rack (1.6.4) lib/rack/content_length.rb:15:in `call'
  rack (1.6.4) lib/rack/handler/webrick.rb:88:in `service'
  /Users/piotrpawlus/.rvm/rubies/ruby-2.2.4/lib/ruby/2.2.0/webrick/httpserver.rb:138:in `service'
  /Users/piotrpawlus/.rvm/rubies/ruby-2.2.4/lib/ruby/2.2.0/webrick/httpserver.rb:94:in `run'
  /Users/piotrpawlus/.rvm/rubies/ruby-2.2.4/lib/ruby/2.2.0/webrick/server.rb:294:in `block in start_thread'


  Rendered /Users/piotrpawlus/.rvm/gems/ruby-2.2.4/gems/actionpack-4.2.5/lib/action_dispatch/middleware/templates/rescues/_trace.html.erb (3.4ms)
  Rendered /Users/piotrpawlus/.rvm/gems/ruby-2.2.4/gems/actionpack-4.2.5/lib/action_dispatch/middleware/templates/routes/_route.html.erb (0.9ms)
  Rendered /Users/piotrpawlus/.rvm/gems/ruby-2.2.4/gems/actionpack-4.2.5/lib/action_dispatch/middleware/templates/routes/_table.html.erb (13.0ms)
  Rendered /Users/piotrpawlus/.rvm/gems/ruby-2.2.4/gems/actionpack-4.2.5/lib/action_dispatch/middleware/templates/rescues/_request_and_response.html.erb (1.7ms)
  Rendered /Users/piotrpawlus/.rvm/gems/ruby-2.2.4/gems/actionpack-4.2.5/lib/action_dispatch/middleware/templates/rescues/routing_error.html.erb within rescues/layout (128.7ms)
  Rendered /Users/piotrpawlus/.rvm/gems/ruby-2.2.4/gems/web-console-2.2.1/lib/web_console/templates/_markup.html.erb (0.4ms)
  Rendered /Users/piotrpawlus/.rvm/gems/ruby-2.2.4/gems/web-console-2.2.1/lib/web_console/templates/_inner_console_markup.html.erb within layouts/inlined_string (0.3ms)
  Rendered /Users/piotrpawlus/.rvm/gems/ruby-2.2.4/gems/web-console-2.2.1/lib/web_console/templates/_prompt_box_markup.html.erb within layouts/inlined_string (0.4ms)
  Rendered /Users/piotrpawlus/.rvm/gems/ruby-2.2.4/gems/web-console-2.2.1/lib/web_console/templates/style.css.erb within layouts/inlined_string (0.3ms)
  Rendered /Users/piotrpawlus/.rvm/gems/ruby-2.2.4/gems/web-console-2.2.1/lib/web_console/templates/console.js.erb within layouts/javascript (56.3ms)
  Rendered /Users/piotrpawlus/.rvm/gems/ruby-2.2.4/gems/web-console-2.2.1/lib/web_console/templates/main.js.erb within layouts/javascript (0.3ms)
  Rendered /Users/piotrpawlus/.rvm/gems/ruby-2.2.4/gems/web-console-2.2.1/lib/web_console/templates/error_page.js.erb within layouts/javascript (0.5ms)
  Rendered /Users/piotrpawlus/.rvm/gems/ruby-2.2.4/gems/web-console-2.2.1/lib/web_console/templates/index.html.erb (124.3ms)


Started GET "/home/index" for ::1 at 2016-04-03 18:36:43 +0200
Processing by HomeController#index as HTML
  Rendered home/index.html.erb within layouts/application (0.5ms)
Completed 200 OK in 1943ms (Views: 1942.0ms | ActiveRecord: 0.0ms)


Started GET "/assets/home.self-e3b0c44298fc1c149afbf4c8996fb92427ae41e4649b934ca495991b7852b855.css?body=1" for ::1 at 2016-04-03 18:36:45 +0200


Started GET "/assets/application.self-e80e8f2318043e8af94dddc2adad5a4f09739a8ebb323b3ab31cd71d45fd9113.css?body=1" for ::1 at 2016-04-03 18:36:45 +0200


Started GET "/assets/jquery.self-c64a74367bda6ef8b860f19e74df08927ca99d2be2ac934e9e92d5fd361e0da4.js?body=1" for ::1 at 2016-04-03 18:36:45 +0200


Started GET "/assets/jquery_ujs.self-d602bdfe68ffc63b9f9cc512872aa3cfff046228a0a36e90dd476e8ef54c1b09.js?body=1" for ::1 at 2016-04-03 18:36:45 +0200


Started GET "/assets/turbolinks.self-c37727e9bd6b2735da5c311aa83fead54ed0be6cc8bd9a65309e9c5abe2cbfff.js?body=1" for ::1 at 2016-04-03 18:36:45 +0200


Started GET "/assets/home.self-877aef30ae1b040ab8a3aba4e3e309a11d7f2612f44dde450b5c157aa5f95c05.js?body=1" for ::1 at 2016-04-03 18:36:45 +0200


Started GET "/assets/application.self-3b8dabdc891efe46b9a144b400ad69e37d7e5876bdc39dee783419a69d7ca819.js?body=1" for ::1 at 2016-04-03 18:36:45 +0200


Started GET "/home/index" for ::1 at 2016-04-03 18:39:29 +0200
Processing by HomeController#index as HTML
  Rendered home/index.html.erb within layouts/application (3.4ms)
Completed 200 OK in 104ms (Views: 99.2ms | ActiveRecord: 0.0ms)


Started GET "/assets/home.self-e3b0c44298fc1c149afbf4c8996fb92427ae41e4649b934ca495991b7852b855.css?body=1" for ::1 at 2016-04-03 18:39:29 +0200


Started GET "/assets/application.self-e80e8f2318043e8af94dddc2adad5a4f09739a8ebb323b3ab31cd71d45fd9113.css?body=1" for ::1 at 2016-04-03 18:39:29 +0200


Started GET "/assets/jquery.self-c64a74367bda6ef8b860f19e74df08927ca99d2be2ac934e9e92d5fd361e0da4.js?body=1" for ::1 at 2016-04-03 18:39:29 +0200


Started GET "/assets/jquery_ujs.self-d602bdfe68ffc63b9f9cc512872aa3cfff046228a0a36e90dd476e8ef54c1b09.js?body=1" for ::1 at 2016-04-03 18:39:29 +0200


Started GET "/assets/turbolinks.self-c37727e9bd6b2735da5c311aa83fead54ed0be6cc8bd9a65309e9c5abe2cbfff.js?body=1" for ::1 at 2016-04-03 18:39:30 +0200


Started GET "/assets/home.self-877aef30ae1b040ab8a3aba4e3e309a11d7f2612f44dde450b5c157aa5f95c05.js?body=1" for ::1 at 2016-04-03 18:39:30 +0200


Started GET "/assets/application.self-3b8dabdc891efe46b9a144b400ad69e37d7e5876bdc39dee783419a69d7ca819.js?body=1" for ::1 at 2016-04-03 18:39:30 +0200


Started GET "/" for ::1 at 2016-04-03 18:52:02 +0200

ActionController::RoutingError (uninitialized constant WelcomeController):
  activesupport (4.2.5) lib/active_support/inflector/methods.rb:261:in `const_get'
  activesupport (4.2.5) lib/active_support/inflector/methods.rb:261:in `block in constantize'
  activesupport (4.2.5) lib/active_support/inflector/methods.rb:259:in `each'
  activesupport (4.2.5) lib/active_support/inflector/methods.rb:259:in `inject'
  activesupport (4.2.5) lib/active_support/inflector/methods.rb:259:in `constantize'
  actionpack (4.2.5) lib/action_dispatch/routing/route_set.rb:72:in `controller_reference'
  actionpack (4.2.5) lib/action_dispatch/routing/route_set.rb:62:in `controller'
  actionpack (4.2.5) lib/action_dispatch/routing/route_set.rb:41:in `serve'
  actionpack (4.2.5) lib/action_dispatch/journey/router.rb:43:in `block in serve'
  actionpack (4.2.5) lib/action_dispatch/journey/router.rb:30:in `each'
  actionpack (4.2.5) lib/action_dispatch/journey/router.rb:30:in `serve'
  actionpack (4.2.5) lib/action_dispatch/routing/route_set.rb:817:in `call'
  rack (1.6.4) lib/rack/etag.rb:24:in `call'
  rack (1.6.4) lib/rack/conditionalget.rb:25:in `call'
  rack (1.6.4) lib/rack/head.rb:13:in `call'
  actionpack (4.2.5) lib/action_dispatch/middleware/params_parser.rb:27:in `call'
  actionpack (4.2.5) lib/action_dispatch/middleware/flash.rb:260:in `call'
  rack (1.6.4) lib/rack/session/abstract/id.rb:225:in `context'
  rack (1.6.4) lib/rack/session/abstract/id.rb:220:in `call'
  actionpack (4.2.5) lib/action_dispatch/middleware/cookies.rb:560:in `call'
  activerecord (4.2.5) lib/active_record/query_cache.rb:36:in `call'
  activerecord (4.2.5) lib/active_record/connection_adapters/abstract/connection_pool.rb:653:in `call'
  activerecord (4.2.5) lib/active_record/migration.rb:377:in `call'
  actionpack (4.2.5) lib/action_dispatch/middleware/callbacks.rb:29:in `block in call'
  activesupport (4.2.5) lib/active_support/callbacks.rb:88:in `__run_callbacks__'
  activesupport (4.2.5) lib/active_support/callbacks.rb:778:in `_run_call_callbacks'
  activesupport (4.2.5) lib/active_support/callbacks.rb:81:in `run_callbacks'
  actionpack (4.2.5) lib/action_dispatch/middleware/callbacks.rb:27:in `call'
  actionpack (4.2.5) lib/action_dispatch/middleware/reloader.rb:73:in `call'
  actionpack (4.2.5) lib/action_dispatch/middleware/remote_ip.rb:78:in `call'
  actionpack (4.2.5) lib/action_dispatch/middleware/debug_exceptions.rb:17:in `call'
  web-console (2.2.1) lib/web_console/middleware.rb:39:in `call'
  actionpack (4.2.5) lib/action_dispatch/middleware/show_exceptions.rb:30:in `call'
  railties (4.2.5) lib/rails/rack/logger.rb:38:in `call_app'
  railties (4.2.5) lib/rails/rack/logger.rb:20:in `block in call'
  activesupport (4.2.5) lib/active_support/tagged_logging.rb:68:in `block in tagged'
  activesupport (4.2.5) lib/active_support/tagged_logging.rb:26:in `tagged'
  activesupport (4.2.5) lib/active_support/tagged_logging.rb:68:in `tagged'
  railties (4.2.5) lib/rails/rack/logger.rb:20:in `call'
  actionpack (4.2.5) lib/action_dispatch/middleware/request_id.rb:21:in `call'
  rack (1.6.4) lib/rack/methodoverride.rb:22:in `call'
  rack (1.6.4) lib/rack/runtime.rb:18:in `call'
  activesupport (4.2.5) lib/active_support/cache/strategy/local_cache_middleware.rb:28:in `call'
  rack (1.6.4) lib/rack/lock.rb:17:in `call'
  actionpack (4.2.5) lib/action_dispatch/middleware/static.rb:116:in `call'
  rack (1.6.4) lib/rack/sendfile.rb:113:in `call'
  railties (4.2.5) lib/rails/engine.rb:518:in `call'
  railties (4.2.5) lib/rails/application.rb:165:in `call'
  rack (1.6.4) lib/rack/lock.rb:17:in `call'
  rack (1.6.4) lib/rack/content_length.rb:15:in `call'
  rack (1.6.4) lib/rack/handler/webrick.rb:88:in `service'
  /Users/piotrpawlus/.rvm/rubies/ruby-2.2.4/lib/ruby/2.2.0/webrick/httpserver.rb:138:in `service'
  /Users/piotrpawlus/.rvm/rubies/ruby-2.2.4/lib/ruby/2.2.0/webrick/httpserver.rb:94:in `run'
  /Users/piotrpawlus/.rvm/rubies/ruby-2.2.4/lib/ruby/2.2.0/webrick/server.rb:294:in `block in start_thread'


  Rendered /Users/piotrpawlus/.rvm/gems/ruby-2.2.4/gems/actionpack-4.2.5/lib/action_dispatch/middleware/templates/rescues/_trace.html.erb (7.1ms)
  Rendered /Users/piotrpawlus/.rvm/gems/ruby-2.2.4/gems/actionpack-4.2.5/lib/action_dispatch/middleware/templates/routes/_route.html.erb (6.0ms)
  Rendered /Users/piotrpawlus/.rvm/gems/ruby-2.2.4/gems/actionpack-4.2.5/lib/action_dispatch/middleware/templates/routes/_table.html.erb (5.1ms)
  Rendered /Users/piotrpawlus/.rvm/gems/ruby-2.2.4/gems/actionpack-4.2.5/lib/action_dispatch/middleware/templates/rescues/_request_and_response.html.erb (8.6ms)
  Rendered /Users/piotrpawlus/.rvm/gems/ruby-2.2.4/gems/actionpack-4.2.5/lib/action_dispatch/middleware/templates/rescues/routing_error.html.erb within rescues/layout (110.0ms)
  Rendered /Users/piotrpawlus/.rvm/gems/ruby-2.2.4/gems/web-console-2.2.1/lib/web_console/templates/_markup.html.erb (0.5ms)
  Rendered /Users/piotrpawlus/.rvm/gems/ruby-2.2.4/gems/web-console-2.2.1/lib/web_console/templates/_inner_console_markup.html.erb within layouts/inlined_string (0.3ms)
  Rendered /Users/piotrpawlus/.rvm/gems/ruby-2.2.4/gems/web-console-2.2.1/lib/web_console/templates/_prompt_box_markup.html.erb within layouts/inlined_string (0.8ms)
  Rendered /Users/piotrpawlus/.rvm/gems/ruby-2.2.4/gems/web-console-2.2.1/lib/web_console/templates/style.css.erb within layouts/inlined_string (0.4ms)
  Rendered /Users/piotrpawlus/.rvm/gems/ruby-2.2.4/gems/web-console-2.2.1/lib/web_console/templates/console.js.erb within layouts/javascript (57.0ms)
  Rendered /Users/piotrpawlus/.rvm/gems/ruby-2.2.4/gems/web-console-2.2.1/lib/web_console/templates/main.js.erb within layouts/javascript (0.7ms)
  Rendered /Users/piotrpawlus/.rvm/gems/ruby-2.2.4/gems/web-console-2.2.1/lib/web_console/templates/error_page.js.erb within layouts/javascript (0.5ms)
  Rendered /Users/piotrpawlus/.rvm/gems/ruby-2.2.4/gems/web-console-2.2.1/lib/web_console/templates/index.html.erb (121.9ms)


Started GET "/" for ::1 at 2016-04-03 18:52:06 +0200

ActionController::RoutingError (uninitialized constant WelcomeController):
  activesupport (4.2.5) lib/active_support/inflector/methods.rb:261:in `const_get'
  activesupport (4.2.5) lib/active_support/inflector/methods.rb:261:in `block in constantize'
  activesupport (4.2.5) lib/active_support/inflector/methods.rb:259:in `each'
  activesupport (4.2.5) lib/active_support/inflector/methods.rb:259:in `inject'
  activesupport (4.2.5) lib/active_support/inflector/methods.rb:259:in `constantize'
  actionpack (4.2.5) lib/action_dispatch/routing/route_set.rb:72:in `controller_reference'
  actionpack (4.2.5) lib/action_dispatch/routing/route_set.rb:62:in `controller'
  actionpack (4.2.5) lib/action_dispatch/routing/route_set.rb:41:in `serve'
  actionpack (4.2.5) lib/action_dispatch/journey/router.rb:43:in `block in serve'
  actionpack (4.2.5) lib/action_dispatch/journey/router.rb:30:in `each'
  actionpack (4.2.5) lib/action_dispatch/journey/router.rb:30:in `serve'
  actionpack (4.2.5) lib/action_dispatch/routing/route_set.rb:817:in `call'
  rack (1.6.4) lib/rack/etag.rb:24:in `call'
  rack (1.6.4) lib/rack/conditionalget.rb:25:in `call'
  rack (1.6.4) lib/rack/head.rb:13:in `call'
  actionpack (4.2.5) lib/action_dispatch/middleware/params_parser.rb:27:in `call'
  actionpack (4.2.5) lib/action_dispatch/middleware/flash.rb:260:in `call'
  rack (1.6.4) lib/rack/session/abstract/id.rb:225:in `context'
  rack (1.6.4) lib/rack/session/abstract/id.rb:220:in `call'
  actionpack (4.2.5) lib/action_dispatch/middleware/cookies.rb:560:in `call'
  activerecord (4.2.5) lib/active_record/query_cache.rb:36:in `call'
  activerecord (4.2.5) lib/active_record/connection_adapters/abstract/connection_pool.rb:653:in `call'
  activerecord (4.2.5) lib/active_record/migration.rb:377:in `call'
  actionpack (4.2.5) lib/action_dispatch/middleware/callbacks.rb:29:in `block in call'
  activesupport (4.2.5) lib/active_support/callbacks.rb:88:in `__run_callbacks__'
  activesupport (4.2.5) lib/active_support/callbacks.rb:778:in `_run_call_callbacks'
  activesupport (4.2.5) lib/active_support/callbacks.rb:81:in `run_callbacks'
  actionpack (4.2.5) lib/action_dispatch/middleware/callbacks.rb:27:in `call'
  actionpack (4.2.5) lib/action_dispatch/middleware/reloader.rb:73:in `call'
  actionpack (4.2.5) lib/action_dispatch/middleware/remote_ip.rb:78:in `call'
  actionpack (4.2.5) lib/action_dispatch/middleware/debug_exceptions.rb:17:in `call'
  web-console (2.2.1) lib/web_console/middleware.rb:39:in `call'
  actionpack (4.2.5) lib/action_dispatch/middleware/show_exceptions.rb:30:in `call'
  railties (4.2.5) lib/rails/rack/logger.rb:38:in `call_app'
  railties (4.2.5) lib/rails/rack/logger.rb:20:in `block in call'
  activesupport (4.2.5) lib/active_support/tagged_logging.rb:68:in `block in tagged'
  activesupport (4.2.5) lib/active_support/tagged_logging.rb:26:in `tagged'
  activesupport (4.2.5) lib/active_support/tagged_logging.rb:68:in `tagged'
  railties (4.2.5) lib/rails/rack/logger.rb:20:in `call'
  actionpack (4.2.5) lib/action_dispatch/middleware/request_id.rb:21:in `call'
  rack (1.6.4) lib/rack/methodoverride.rb:22:in `call'
  rack (1.6.4) lib/rack/runtime.rb:18:in `call'
  activesupport (4.2.5) lib/active_support/cache/strategy/local_cache_middleware.rb:28:in `call'
  rack (1.6.4) lib/rack/lock.rb:17:in `call'
  actionpack (4.2.5) lib/action_dispatch/middleware/static.rb:116:in `call'
  rack (1.6.4) lib/rack/sendfile.rb:113:in `call'
  railties (4.2.5) lib/rails/engine.rb:518:in `call'
  railties (4.2.5) lib/rails/application.rb:165:in `call'
  rack (1.6.4) lib/rack/lock.rb:17:in `call'
  rack (1.6.4) lib/rack/content_length.rb:15:in `call'
  rack (1.6.4) lib/rack/handler/webrick.rb:88:in `service'
  /Users/piotrpawlus/.rvm/rubies/ruby-2.2.4/lib/ruby/2.2.0/webrick/httpserver.rb:138:in `service'
  /Users/piotrpawlus/.rvm/rubies/ruby-2.2.4/lib/ruby/2.2.0/webrick/httpserver.rb:94:in `run'
  /Users/piotrpawlus/.rvm/rubies/ruby-2.2.4/lib/ruby/2.2.0/webrick/server.rb:294:in `block in start_thread'


  Rendered /Users/piotrpawlus/.rvm/gems/ruby-2.2.4/gems/actionpack-4.2.5/lib/action_dispatch/middleware/templates/rescues/_trace.html.erb (4.4ms)
  Rendered /Users/piotrpawlus/.rvm/gems/ruby-2.2.4/gems/actionpack-4.2.5/lib/action_dispatch/middleware/templates/routes/_route.html.erb (3.2ms)
  Rendered /Users/piotrpawlus/.rvm/gems/ruby-2.2.4/gems/actionpack-4.2.5/lib/action_dispatch/middleware/templates/routes/_table.html.erb (2.1ms)
  Rendered /Users/piotrpawlus/.rvm/gems/ruby-2.2.4/gems/actionpack-4.2.5/lib/action_dispatch/middleware/templates/rescues/_request_and_response.html.erb (3.9ms)
  Rendered /Users/piotrpawlus/.rvm/gems/ruby-2.2.4/gems/actionpack-4.2.5/lib/action_dispatch/middleware/templates/rescues/routing_error.html.erb within rescues/layout (92.8ms)
  Rendered /Users/piotrpawlus/.rvm/gems/ruby-2.2.4/gems/web-console-2.2.1/lib/web_console/templates/_markup.html.erb (0.8ms)
  Rendered /Users/piotrpawlus/.rvm/gems/ruby-2.2.4/gems/web-console-2.2.1/lib/web_console/templates/_inner_console_markup.html.erb within layouts/inlined_string (0.3ms)
  Rendered /Users/piotrpawlus/.rvm/gems/ruby-2.2.4/gems/web-console-2.2.1/lib/web_console/templates/_prompt_box_markup.html.erb within layouts/inlined_string (0.3ms)
  Rendered /Users/piotrpawlus/.rvm/gems/ruby-2.2.4/gems/web-console-2.2.1/lib/web_console/templates/style.css.erb within layouts/inlined_string (0.4ms)
  Rendered /Users/piotrpawlus/.rvm/gems/ruby-2.2.4/gems/web-console-2.2.1/lib/web_console/templates/console.js.erb within layouts/javascript (45.4ms)
  Rendered /Users/piotrpawlus/.rvm/gems/ruby-2.2.4/gems/web-console-2.2.1/lib/web_console/templates/main.js.erb within layouts/javascript (0.3ms)
  Rendered /Users/piotrpawlus/.rvm/gems/ruby-2.2.4/gems/web-console-2.2.1/lib/web_console/templates/error_page.js.erb within layouts/javascript (0.4ms)
  Rendered /Users/piotrpawlus/.rvm/gems/ruby-2.2.4/gems/web-console-2.2.1/lib/web_console/templates/index.html.erb (104.6ms)


Started GET "/" for ::1 at 2016-04-03 18:52:20 +0200

ActionController::RoutingError (uninitialized constant WelcomeController):
  activesupport (4.2.5) lib/active_support/inflector/methods.rb:261:in `const_get'
  activesupport (4.2.5) lib/active_support/inflector/methods.rb:261:in `block in constantize'
  activesupport (4.2.5) lib/active_support/inflector/methods.rb:259:in `each'
  activesupport (4.2.5) lib/active_support/inflector/methods.rb:259:in `inject'
  activesupport (4.2.5) lib/active_support/inflector/methods.rb:259:in `constantize'
  actionpack (4.2.5) lib/action_dispatch/routing/route_set.rb:72:in `controller_reference'
  actionpack (4.2.5) lib/action_dispatch/routing/route_set.rb:62:in `controller'
  actionpack (4.2.5) lib/action_dispatch/routing/route_set.rb:41:in `serve'
  actionpack (4.2.5) lib/action_dispatch/journey/router.rb:43:in `block in serve'
  actionpack (4.2.5) lib/action_dispatch/journey/router.rb:30:in `each'
  actionpack (4.2.5) lib/action_dispatch/journey/router.rb:30:in `serve'
  actionpack (4.2.5) lib/action_dispatch/routing/route_set.rb:817:in `call'
  rack (1.6.4) lib/rack/etag.rb:24:in `call'
  rack (1.6.4) lib/rack/conditionalget.rb:25:in `call'
  rack (1.6.4) lib/rack/head.rb:13:in `call'
  actionpack (4.2.5) lib/action_dispatch/middleware/params_parser.rb:27:in `call'
  actionpack (4.2.5) lib/action_dispatch/middleware/flash.rb:260:in `call'
  rack (1.6.4) lib/rack/session/abstract/id.rb:225:in `context'
  rack (1.6.4) lib/rack/session/abstract/id.rb:220:in `call'
  actionpack (4.2.5) lib/action_dispatch/middleware/cookies.rb:560:in `call'
  activerecord (4.2.5) lib/active_record/query_cache.rb:36:in `call'
  activerecord (4.2.5) lib/active_record/connection_adapters/abstract/connection_pool.rb:653:in `call'
  activerecord (4.2.5) lib/active_record/migration.rb:377:in `call'
  actionpack (4.2.5) lib/action_dispatch/middleware/callbacks.rb:29:in `block in call'
  activesupport (4.2.5) lib/active_support/callbacks.rb:88:in `__run_callbacks__'
  activesupport (4.2.5) lib/active_support/callbacks.rb:778:in `_run_call_callbacks'
  activesupport (4.2.5) lib/active_support/callbacks.rb:81:in `run_callbacks'
  actionpack (4.2.5) lib/action_dispatch/middleware/callbacks.rb:27:in `call'
  actionpack (4.2.5) lib/action_dispatch/middleware/reloader.rb:73:in `call'
  actionpack (4.2.5) lib/action_dispatch/middleware/remote_ip.rb:78:in `call'
  actionpack (4.2.5) lib/action_dispatch/middleware/debug_exceptions.rb:17:in `call'
  web-console (2.2.1) lib/web_console/middleware.rb:39:in `call'
  actionpack (4.2.5) lib/action_dispatch/middleware/show_exceptions.rb:30:in `call'
  railties (4.2.5) lib/rails/rack/logger.rb:38:in `call_app'
  railties (4.2.5) lib/rails/rack/logger.rb:20:in `block in call'
  activesupport (4.2.5) lib/active_support/tagged_logging.rb:68:in `block in tagged'
  activesupport (4.2.5) lib/active_support/tagged_logging.rb:26:in `tagged'
  activesupport (4.2.5) lib/active_support/tagged_logging.rb:68:in `tagged'
  railties (4.2.5) lib/rails/rack/logger.rb:20:in `call'
  actionpack (4.2.5) lib/action_dispatch/middleware/request_id.rb:21:in `call'
  rack (1.6.4) lib/rack/methodoverride.rb:22:in `call'
  rack (1.6.4) lib/rack/runtime.rb:18:in `call'
  activesupport (4.2.5) lib/active_support/cache/strategy/local_cache_middleware.rb:28:in `call'
  rack (1.6.4) lib/rack/lock.rb:17:in `call'
  actionpack (4.2.5) lib/action_dispatch/middleware/static.rb:116:in `call'
  rack (1.6.4) lib/rack/sendfile.rb:113:in `call'
  railties (4.2.5) lib/rails/engine.rb:518:in `call'
  railties (4.2.5) lib/rails/application.rb:165:in `call'
  rack (1.6.4) lib/rack/lock.rb:17:in `call'
  rack (1.6.4) lib/rack/content_length.rb:15:in `call'
  rack (1.6.4) lib/rack/handler/webrick.rb:88:in `service'
  /Users/piotrpawlus/.rvm/rubies/ruby-2.2.4/lib/ruby/2.2.0/webrick/httpserver.rb:138:in `service'
  /Users/piotrpawlus/.rvm/rubies/ruby-2.2.4/lib/ruby/2.2.0/webrick/httpserver.rb:94:in `run'
  /Users/piotrpawlus/.rvm/rubies/ruby-2.2.4/lib/ruby/2.2.0/webrick/server.rb:294:in `block in start_thread'


  Rendered /Users/piotrpawlus/.rvm/gems/ruby-2.2.4/gems/actionpack-4.2.5/lib/action_dispatch/middleware/templates/rescues/_trace.html.erb (1.7ms)
  Rendered /Users/piotrpawlus/.rvm/gems/ruby-2.2.4/gems/actionpack-4.2.5/lib/action_dispatch/middleware/templates/routes/_route.html.erb (1.0ms)
  Rendered /Users/piotrpawlus/.rvm/gems/ruby-2.2.4/gems/actionpack-4.2.5/lib/action_dispatch/middleware/templates/routes/_table.html.erb (1.1ms)
  Rendered /Users/piotrpawlus/.rvm/gems/ruby-2.2.4/gems/actionpack-4.2.5/lib/action_dispatch/middleware/templates/rescues/_request_and_response.html.erb (1.1ms)
  Rendered /Users/piotrpawlus/.rvm/gems/ruby-2.2.4/gems/actionpack-4.2.5/lib/action_dispatch/middleware/templates/rescues/routing_error.html.erb within rescues/layout (73.8ms)
  Rendered /Users/piotrpawlus/.rvm/gems/ruby-2.2.4/gems/web-console-2.2.1/lib/web_console/templates/_markup.html.erb (0.4ms)
  Rendered /Users/piotrpawlus/.rvm/gems/ruby-2.2.4/gems/web-console-2.2.1/lib/web_console/templates/_inner_console_markup.html.erb within layouts/inlined_string (0.3ms)
  Rendered /Users/piotrpawlus/.rvm/gems/ruby-2.2.4/gems/web-console-2.2.1/lib/web_console/templates/_prompt_box_markup.html.erb within layouts/inlined_string (0.3ms)
  Rendered /Users/piotrpawlus/.rvm/gems/ruby-2.2.4/gems/web-console-2.2.1/lib/web_console/templates/style.css.erb within layouts/inlined_string (0.3ms)
  Rendered /Users/piotrpawlus/.rvm/gems/ruby-2.2.4/gems/web-console-2.2.1/lib/web_console/templates/console.js.erb within layouts/javascript (49.2ms)
  Rendered /Users/piotrpawlus/.rvm/gems/ruby-2.2.4/gems/web-console-2.2.1/lib/web_console/templates/main.js.erb within layouts/javascript (0.3ms)
  Rendered /Users/piotrpawlus/.rvm/gems/ruby-2.2.4/gems/web-console-2.2.1/lib/web_console/templates/error_page.js.erb within layouts/javascript (0.4ms)
  Rendered /Users/piotrpawlus/.rvm/gems/ruby-2.2.4/gems/web-console-2.2.1/lib/web_console/templates/index.html.erb (108.3ms)


Started GET "/" for ::1 at 2016-04-03 18:52:26 +0200
Processing by HomeController#index as HTML
  Rendered home/index.html.erb within layouts/application (0.1ms)
Completed 200 OK in 130ms (Views: 128.7ms | ActiveRecord: 0.0ms)


Started GET "/assets/home.self-e3b0c44298fc1c149afbf4c8996fb92427ae41e4649b934ca495991b7852b855.css?body=1" for ::1 at 2016-04-03 18:52:27 +0200


Started GET "/assets/users.self-e3b0c44298fc1c149afbf4c8996fb92427ae41e4649b934ca495991b7852b855.css?body=1" for ::1 at 2016-04-03 18:52:27 +0200


Started GET "/assets/application.self-e80e8f2318043e8af94dddc2adad5a4f09739a8ebb323b3ab31cd71d45fd9113.css?body=1" for ::1 at 2016-04-03 18:52:27 +0200


Started GET "/assets/jquery_ujs.self-d602bdfe68ffc63b9f9cc512872aa3cfff046228a0a36e90dd476e8ef54c1b09.js?body=1" for ::1 at 2016-04-03 18:52:27 +0200


Started GET "/assets/jquery.self-c64a74367bda6ef8b860f19e74df08927ca99d2be2ac934e9e92d5fd361e0da4.js?body=1" for ::1 at 2016-04-03 18:52:27 +0200


Started GET "/assets/users.self-877aef30ae1b040ab8a3aba4e3e309a11d7f2612f44dde450b5c157aa5f95c05.js?body=1" for ::1 at 2016-04-03 18:52:27 +0200


Started GET "/assets/home.self-877aef30ae1b040ab8a3aba4e3e309a11d7f2612f44dde450b5c157aa5f95c05.js?body=1" for ::1 at 2016-04-03 18:52:27 +0200


Started GET "/assets/application.self-3b8dabdc891efe46b9a144b400ad69e37d7e5876bdc39dee783419a69d7ca819.js?body=1" for ::1 at 2016-04-03 18:52:27 +0200


Started GET "/assets/turbolinks.self-c37727e9bd6b2735da5c311aa83fead54ed0be6cc8bd9a65309e9c5abe2cbfff.js?body=1" for ::1 at 2016-04-03 18:52:27 +0200
